Best agent: Particle 9 @ Fitness: -9.999999999999908 @ Position: [-1.86385544e-08 -1.10668707e-08]
#################
Stats
#################
Runs:  20
Converged:  True
#################
Trace
#################
trace @ Agent 0:DifferentialEvolution @ fitness: 277.12827499418626 @ run: 0 @ iteration: 8
trace @ Bee 4:ArtificialBeeColony @ fitness: 144.49106335475912 @ run: 0 @ iteration: 18
trace @ Particle 9:ParticleSwarmOptimization @ fitness: 101.41890147753318 @ run: 0 @ iteration: 6
trace @ Agent 8:DifferentialEvolution @ fitness: 44.76353672746819 @ run: 1 @ iteration: 13
trace @ Bee 4:ArtificialBeeColony @ fitness: 10.060874103001412 @ run: 1 @ iteration: 4
trace @ Particle 7:ParticleSwarmOptimization @ fitness: 8.385679682600822 @ run: 1 @ iteration: 3
trace @ Agent 2:DifferentialEvolution @ fitness: 8.244249824700873 @ run: 2 @ iteration: 2
trace @ Bee 5:ArtificialBeeColony @ fitness: 6.70468762899015 @ run: 2 @ iteration: 71
trace @ Particle 0:ParticleSwarmOptimization @ fitness: 0.9124188324451102 @ run: 2 @ iteration: 0
trace @ Agent 0:DifferentialEvolution @ fitness: -2.1272245477267915 @ run: 3 @ iteration: 13
trace @ Bee 4:ArtificialBeeColony @ fitness: -2.5728249293354444 @ run: 3 @ iteration: 82
trace @ Particle 9:ParticleSwarmOptimization @ fitness: -5.025197397909018 @ run: 3 @ iteration: 0
trace @ Agent 9:DifferentialEvolution @ fitness: -6.760702306110717 @ run: 4 @ iteration: 5
trace @ Particle 9:ParticleSwarmOptimization @ fitness: -8.880577578570628 @ run: 4 @ iteration: 5
trace @ Agent 5:DifferentialEvolution @ fitness: -9.819595488017887 @ run: 5 @ iteration: 5
trace @ Particle 3:ParticleSwarmOptimization @ fitness: -9.948304866069995 @ run: 5 @ iteration: 0
trace @ Agent 0:DifferentialEvolution @ fitness: -9.960997216217281 @ run: 6 @ iteration: 15
trace @ Particle 9:ParticleSwarmOptimization @ fitness: -9.978085757685596 @ run: 6 @ iteration: 5
trace @ Agent 3:DifferentialEvolution @ fitness: -9.982960670042601 @ run: 7 @ iteration: 0
trace @ Particle 9:ParticleSwarmOptimization @ fitness: -9.987887161757826 @ run: 7 @ iteration: 0
trace @ Agent 7:DifferentialEvolution @ fitness: -9.995370629306356 @ run: 8 @ iteration: 2
trace @ Particle 9:ParticleSwarmOptimization @ fitness: -9.997488325985557 @ run: 8 @ iteration: 1
trace @ Agent 2:DifferentialEvolution @ fitness: -9.997524687886374 @ run: 9 @ iteration: 3
trace @ Particle 9:ParticleSwarmOptimization @ fitness: -9.998388316024503 @ run: 9 @ iteration: 0
trace @ Agent 9:DifferentialEvolution @ fitness: -9.998976495916724 @ run: 10 @ iteration: 1
trace @ Particle 9:ParticleSwarmOptimization @ fitness: -9.99917159091507 @ run: 10 @ iteration: 0
trace @ Agent 0:DifferentialEvolution @ fitness: -9.999258138861597 @ run: 11 @ iteration: 2
trace @ Particle 9:ParticleSwarmOptimization @ fitness: -9.999387067369303 @ run: 11 @ iteration: 0
trace @ Agent 8:DifferentialEvolution @ fitness: -9.999988142573029 @ run: 12 @ iteration: 2
trace @ Particle 4:ParticleSwarmOptimization @ fitness: -9.999995952590004 @ run: 12 @ iteration: 3
trace @ Agent 1:DifferentialEvolution @ fitness: -9.9999960903207 @ run: 13 @ iteration: 7
trace @ Particle 9:ParticleSwarmOptimization @ fitness: -9.999997841419587 @ run: 13 @ iteration: 2
trace @ Agent 2:DifferentialEvolution @ fitness: -9.999997939597229 @ run: 14 @ iteration: 5
trace @ Particle 9:ParticleSwarmOptimization @ fitness: -9.999998294919004 @ run: 14 @ iteration: 0
trace @ Agent 6:DifferentialEvolution @ fitness: -9.999998932049285 @ run: 15 @ iteration: 2
trace @ Particle 0:ParticleSwarmOptimization @ fitness: -9.99999980606797 @ run: 15 @ iteration: 0
trace @ Agent 5:DifferentialEvolution @ fitness: -9.999999963405013 @ run: 16 @ iteration: 1
trace @ Particle 9:ParticleSwarmOptimization @ fitness: -9.99999998049682 @ run: 16 @ iteration: 2
trace @ Agent 5:DifferentialEvolution @ fitness: -9.99999998276158 @ run: 17 @ iteration: 6
trace @ Particle 9:ParticleSwarmOptimization @ fitness: -9.999999999989033 @ run: 17 @ iteration: 0
trace @ Agent 4:DifferentialEvolution @ fitness: -9.999999999999373 @ run: 18 @ iteration: 25
trace @ Particle 0:ParticleSwarmOptimization @ fitness: -9.999999999999782 @ run: 18 @ iteration: 15
trace @ Agent 1:DifferentialEvolution @ fitness: -9.999999999999822 @ run: 19 @ iteration: 10
trace @ Particle 9:ParticleSwarmOptimization @ fitness: -9.999999999999908 @ run: 19 @ iteration: 0
